<?xml version="1.0" encoding="UTF-8"?>
<testng-results skipped="0" failed="0" total="1" passed="1">
  <reporter-output>
  </reporter-output>
  <suite name="Default suite" duration-ms="57" started-at="2021-09-26T16:41:16Z" finished-at="2021-09-26T16:41:16Z">
    <groups>
    </groups>
    <test name="Default test" duration-ms="57" started-at="2021-09-26T16:41:16Z" finished-at="2021-09-26T16:41:16Z">
      <class name="Games.Pubg.Cstrike">
        <test-method status="PASS" signature="shooting()[pri:0, instance:Games.Pubg.Cstrike@146ba0ac]" name="shooting" duration-ms="28" started-at="2021-09-26T22:11:16Z" finished-at="2021-09-26T22:11:16Z">
          <reporter-output>
          </reporter-output>
        </test-method> <!-- shooting -->
      </class> <!-- Games.Pubg.Cstrike -->
    </test> <!-- Default test -->
  </suite> <!-- Default suite -->
</testng-results>
